<?xml version="1.0" encoding="UTF-8"?>
<testsuite xmlns:xsi="http://www.w3.org/2001/XMLSchema-instance" xsi:noNamespaceSchemaLocation="https://maven.apache.org/surefire/maven-surefire-plugin/xsd/surefire-test-report.xsd" name="com.mastek.ho.Springcore01.AppTest" time="0.296" tests="4" errors="0" skipped="3" failures="0">
  <properties>
[...]
</properties>
  <testcase name="testAccount" classname="com.mastek.ho.Springcore01.AppTest" time="0">
    <skipped message="public void com.mastek.ho.Springcore01.AppTest.testAccount() is @Disabled"/>
  </testcase>
  <testcase name="testAddress" classname="com.mastek.ho.Springcore01.AppTest" time="0">
    <skipped message="public void com.mastek.ho.Springcore01.AppTest.testAddress() is @Disabled"/>
  </testcase>
  <testcase name="testService" classname="com.mastek.ho.Springcore01.AppTest" time="0.008"/>
  <testcase name="testPerson" classname="com.mastek.ho.Springcore01.AppTest" time="0">
    <skipped message="public void com.mastek.ho.Springcore01.AppTest.testPerson() is @Disabled"/>
  </testcase>
</testsuite>