-------------------------------------------------------------------------------
Test set: com.mastek.bankapp.AppTest
-------------------------------------------------------------------------------
Tests run: 2, Failures: 1, Errors: 0, Skipped: 0, Time elapsed: 0.03 s <<< FAILURE! - in com.mastek.bankapp.AppTest
withdrawException  Time elapsed: 0.017 s  <<< FAILURE!
org.opentest4j.AssertionFailedError: expected: <Insufficient balance> but was: <Insuffient Balance>
	at com.mastek.bankapp.AppTest.withdrawException(AppTest.java:49)

